<?xml version="1.0" encoding="UTF-8"?>
<!-- Generated by org.testng.reporters.JUnitReportReporter -->
<testsuite hostname="IT-C02DR1Q7MD6P" failures="0" tests="1" name="SeleniumTests" time="15.454" errors="0" timestamp="2022-01-24T20:21:33 IST" skipped="0">
  <testcase classname="SeleniumTests" name="firstTest" time="15.454"/>
  <system-out/>
</testsuite> <!-- SeleniumTests -->
